Using pre-set license
Built from '2023.2/staging' branch; Version is '2023.2.20f1 (0e25a174756c) revision 927137'; Using compiler version '193431935'; Build Type 'Release'
OS: 'Windows 11  (10.0.22631) 64bit Professional' Language: 'en' Physical Memory: 16309 MB
BatchMode: 1, IsHumanControllingUs: 0, StartBugReporterOnCrash: 0, Is64bit: 1, IsPro: 1

COMMAND LINE ARGUMENTS:
C:\Program Files\Unity\Hub\Editor\2023.2.20f1\Editor\Unity.exe
-adb2
-batchMode
-noUpm
-name
AssetImportWorker4
-projectPath
C:/Users/jezne/OneDrive/Desktop/Unity/GameProject/GameProject
-logFile
Logs/AssetImportWorker4.log
-srvPort
60972
-job-worker-count
5
-background-job-worker-count
8
-asset-garbage-collectors
1
Successfully changed project path to: C:/Users/jezne/OneDrive/Desktop/Unity/GameProject/GameProject
C:/Users/jezne/OneDrive/Desktop/Unity/GameProject/GameProject
[UnityMemory] Configuration Parameters - Can be set up in boot.config
    "memorysetup-bucket-allocator-granularity=16"
    "memorysetup-bucket-allocator-bucket-count=8"
    "memorysetup-bucket-allocator-block-size=33554432"
    "memorysetup-bucket-allocator-block-count=8"
    "memorysetup-main-allocator-block-size=16777216"
    "memorysetup-thread-allocator-block-size=16777216"
    "memorysetup-gfx-main-allocator-block-size=16777216"
    "memorysetup-gfx-thread-allocator-block-size=16777216"
    "memorysetup-cache-allocator-block-size=4194304"
    "memorysetup-typetree-allocator-block-size=2097152"
    "memorysetup-profiler-bucket-allocator-granularity=16"
    "memorysetup-profiler-bucket-allocator-bucket-count=8"
    "memorysetup-profiler-bucket-allocator-block-size=33554432"
    "memorysetup-profiler-bucket-allocator-block-count=8"
    "memorysetup-profiler-allocator-block-size=16777216"
    "memorysetup-profiler-editor-allocator-block-size=1048576"
    "memorysetup-temp-allocator-size-main=16777216"
    "memorysetup-job-temp-allocator-block-size=2097152"
    "memorysetup-job-temp-allocator-block-size-background=1048576"
    "memorysetup-job-temp-allocator-reduction-small-platforms=262144"
    "memorysetup-allocator-temp-initial-block-size-main=262144"
    "memorysetup-allocator-temp-initial-block-size-worker=262144"
    "memorysetup-temp-allocator-size-background-worker=32768"
    "memorysetup-temp-allocator-size-job-worker=262144"
    "memorysetup-temp-allocator-size-preload-manager=33554432"
    "memorysetup-temp-allocator-size-nav-mesh-worker=65536"
    "memorysetup-temp-allocator-size-audio-worker=65536"
    "memorysetup-temp-allocator-size-cloud-worker=32768"
    "memorysetup-temp-allocator-size-gi-baking-worker=262144"
    "memorysetup-temp-allocator-size-gi-baking-worker=262144"
    "memorysetup-temp-allocator-size-gi-baking-worker=262144"
    "memorysetup-temp-allocator-size-gi-baking-worker=262144"
    "memorysetup-temp-allocator-size-gfx=262144"
Player connection [11972] Host "[IP] 192.168.1.69 [Port] 0 [Flags] 2 [Guid] 3461064502 [EditorId] 3461064502 [Version] 1048832 [Id] WindowsEditor(7,Jezner) [Debug] 1 [PackageName] WindowsEditor [ProjectName] Editor" joined multi-casting on [225.0.0.222:54997]...
Player connection [11972] Host "[IP] 192.168.1.69 [Port] 0 [Flags] 2 [Guid] 3461064502 [EditorId] 3461064502 [Version] 1048832 [Id] WindowsEditor(7,Jezner) [Debug] 1 [PackageName] WindowsEditor [ProjectName] Editor" joined alternative multi-casting on [225.0.0.222:34997]...
JobSystem: Creating JobQueue using job-worker-count value 5
[Physics::Module] Initialized MultithreadedJobDispatcher with 5 workers.
Library Redirect Path: Library/
Refreshing native plugins compatible for Editor in 2.70 ms, found 3 plugins.
Preloading 0 native plugins for Editor in 0.00 ms.
Initialize engine version: 2023.2.20f1 (0e25a174756c)
[Subsystems] Discovering subsystems at path C:/Program Files/Unity/Hub/Editor/2023.2.20f1/Editor/Data/Resources/UnitySubsystems
[Subsystems] Discovering subsystems at path C:/Users/jezne/OneDrive/Desktop/Unity/GameProject/GameProject/Assets
GfxDevice: creating device client; kGfxThreadingModeNonThreaded
Direct3D:
    Version:  Direct3D 11.0 [level 11.1]
    Renderer: NVIDIA GeForce GTX 1650 (ID=0x2188)
    Vendor:   NVIDIA
    VRAM:     3937 MB
    Driver:   32.0.15.6590
Initialize mono
Mono path[0] = 'C:/Program Files/Unity/Hub/Editor/2023.2.20f1/Editor/Data/Managed'
Mono path[1] = 'C:/Program Files/Unity/Hub/Editor/2023.2.20f1/Editor/Data/MonoBleedingEdge/lib/mono/unityjit-win32'
Mono config path = 'C:/Program Files/Unity/Hub/Editor/2023.2.20f1/Editor/Data/MonoBleedingEdge/etc'
Using monoOptions --debugger-agent=transport=dt_socket,embedding=1,server=y,suspend=n,address=127.0.0.1:56264
Begin MonoManager ReloadAssembly
Registering precompiled unity dll's ...
Register platform support module: C:/Program Files/Unity/Hub/Editor/2023.2.20f1/Editor/Data/PlaybackEngines/WindowsStandaloneSupport/UnityEditor.WindowsStandalone.Extensions.dll
Registered in 0.006322 seconds.
- Loaded All Assemblies, in  0.547 seconds
Native extension for WindowsStandalone target not found
Mono: successfully reloaded assembly
- Finished resetting the current domain, in  0.425 seconds
Domain Reload Profiling: 967ms
	BeginReloadAssembly (184ms)
		ExecutionOrderSort (0ms)
		DisableScriptedObjects (0ms)
		BackupInstance (0ms)
		ReleaseScriptingObjects (0ms)
		CreateAndSetChildDomain (1ms)
	RebuildCommonClasses (48ms)
	RebuildNativeTypeToScriptingClass (17ms)
	initialDomainReloadingComplete (70ms)
	LoadAllAssembliesAndSetupDomain (222ms)
		LoadAssemblies (178ms)
		RebuildTransferFunctionScriptingTraits (0ms)
		AnalyzeDomain (219ms)
			TypeCache.Refresh (216ms)
				TypeCache.ScanAssembly (198ms)
			BuildScriptInfoCaches (0ms)
			ResolveRequiredComponents (1ms)
	FinalizeReload (426ms)
		ReleaseScriptCaches (0ms)
		RebuildScriptCaches (0ms)
		SetupLoadedEditorAssemblies (348ms)
			LogAssemblyErrors (0ms)
			InitializePlatformSupportModulesInManaged (12ms)
			SetLoadedEditorAssemblies (7ms)
			BeforeProcessingInitializeOnLoad (6ms)
			ProcessInitializeOnLoadAttributes (257ms)
			ProcessInitializeOnLoadMethodAttributes (66ms)
			AfterProcessingInitializeOnLoad (0ms)
			EditorAssembliesLoaded (0ms)
		ExecutionOrderSort2 (0ms)
		AwakeInstancesAfterBackupRestoration (0ms)
========================================================================
Worker process is ready to serve import requests
Import Worker Mode flag is 0x00
Begin MonoManager ReloadAssembly
Symbol file LoadedFromMemory doesn't match image C:\Users\jezne\OneDrive\Desktop\Unity\GameProject\GameProject\Library\PackageCache\com.unity.visualscripting@1.8.0\Editor\VisualScripting.Core\Dependencies\YamlDotNet\Unity.VisualScripting.YamlDotNet.dll
Symbol file LoadedFromMemory doesn't match image C:\Users\jezne\OneDrive\Desktop\Unity\GameProject\GameProject\Library\PackageCache\com.unity.visualscripting@1.8.0\Editor\VisualScripting.Core\Dependencies\DotNetZip\Unity.VisualScripting.IonicZip.dll
- Loaded All Assemblies, in  1.072 seconds
Refreshing native plugins compatible for Editor in 1.47 ms, found 3 plugins.
Native extension for WindowsStandalone target not found
Mono: successfully reloaded assembly
- Finished resetting the current domain, in  0.894 seconds
Domain Reload Profiling: 1960ms
	BeginReloadAssembly (508ms)
		ExecutionOrderSort (0ms)
		DisableScriptedObjects (6ms)
		BackupInstance (0ms)
		ReleaseScriptingObjects (0ms)
		CreateAndSetChildDomain (38ms)
	RebuildCommonClasses (41ms)
	RebuildNativeTypeToScriptingClass (19ms)
	initialDomainReloadingComplete (45ms)
	LoadAllAssembliesAndSetupDomain (451ms)
		LoadAssemblies (355ms)
		RebuildTransferFunctionScriptingTraits (0ms)
		AnalyzeDomain (221ms)
			TypeCache.Refresh (185ms)
				TypeCache.ScanAssembly (169ms)
			BuildScriptInfoCaches (29ms)
			ResolveRequiredComponents (4ms)
	FinalizeReload (894ms)
		ReleaseScriptCaches (0ms)
		RebuildScriptCaches (0ms)
		SetupLoadedEditorAssemblies (624ms)
			LogAssemblyErrors (0ms)
			InitializePlatformSupportModulesInManaged (4ms)
			SetLoadedEditorAssemblies (6ms)
			BeforeProcessingInitializeOnLoad (57ms)
			ProcessInitializeOnLoadAttributes (513ms)
			ProcessInitializeOnLoadMethodAttributes (30ms)
			AfterProcessingInitializeOnLoad (14ms)
			EditorAssembliesLoaded (0ms)
		ExecutionOrderSort2 (0ms)
		AwakeInstancesAfterBackupRestoration (12ms)
Launched and connected shader compiler UnityShaderCompiler.exe after 0.04 seconds
Refreshing native plugins compatible for Editor in 1.52 ms, found 3 plugins.
Preloading 0 native plugins for Editor in 0.00 ms.
Unloading 9 Unused Serialized files (Serialized files now loaded: 0)
Unloading 3143 unused Assets / (0.6 MB). Loaded Objects now: 3718.
Memory consumption went from 102.6 MB to 102.0 MB.
Total: 11.026700 ms (FindLiveObjects: 1.002600 ms CreateObjectMapping: 0.605900 ms MarkObjects: 7.953100 ms  DeleteObjects: 1.462900 ms)

========================================================================
Received Import Request.
  Time since last request: 13207.194347 seconds.
  path: Assets/Prefabs/Blink/Art/Weapons/LowPoly/FreeRPGWeapons/Bow/Bow_Textures/Bow_Medium_BaseColor.png
  artifactKey: Guid(9bfa0eb854905d942a64863f7935215d) Importer(2089858483,192608db42251d675da83286b1cce702)
Start importing Assets/Prefabs/Blink/Art/Weapons/LowPoly/FreeRPGWeapons/Bow/Bow_Textures/Bow_Medium_BaseColor.png using Guid(9bfa0eb854905d942a64863f7935215d) Importer(2089858483,192608db42251d675da83286b1cce702) (ScriptedImporter) -> (artifact id: 'b0cc5e2c48d7ef113b6c790b5fb008f5') in 0.1640043 seconds
Number of updated asset objects reloaded before import = 0Number of asset objects unloaded after import = 1

========================================================================
Received Import Request.
  Time since last request: 0.000024 seconds.
  path: Assets/Prefabs/Blink/Art/Weapons/LowPoly/FreeRPGWeapons/Spears/Spear_1H_Textures/Spear1H_Basic.mat
  artifactKey: Guid(7e7c1129d886c8c43b77e6ec7575adf7) Importer(2089858483,192608db42251d675da83286b1cce702)
Start importing Assets/Prefabs/Blink/Art/Weapons/LowPoly/FreeRPGWeapons/Spears/Spear_1H_Textures/Spear1H_Basic.mat using Guid(7e7c1129d886c8c43b77e6ec7575adf7) Importer(2089858483,192608db42251d675da83286b1cce702) (ScriptedImporter) -> (artifact id: 'df4a492cfb25915985783e14b8fe6eb7') in 0.0572186 seconds
Number of updated asset objects reloaded before import = 0Number of asset objects unloaded after import = 4

========================================================================
Received Import Request.
  Time since last request: 0.000026 seconds.
  path: Assets/Prefabs/Blink/Art/Weapons/LowPoly/FreeRPGWeapons/Axes/Axe_1H_Textures/Axe1H_Medium_MetallicSmoothness.png
  artifactKey: Guid(70cee07f138ddea429db1b0b75cce20b) Importer(2089858483,192608db42251d675da83286b1cce702)
Start importing Assets/Prefabs/Blink/Art/Weapons/LowPoly/FreeRPGWeapons/Axes/Axe_1H_Textures/Axe1H_Medium_MetallicSmoothness.png using Guid(70cee07f138ddea429db1b0b75cce20b) Importer(2089858483,192608db42251d675da83286b1cce702) (ScriptedImporter) -> (artifact id: 'a7b7572b3369f21edba23f470e35d520') in 0.0231841 seconds
Number of updated asset objects reloaded before import = 0Number of asset objects unloaded after import = 1

========================================================================
Received Import Request.
  Time since last request: 0.000048 seconds.
  path: Assets/Prefabs/Blink/Art/Weapons/LowPoly/FreeRPGWeapons/Staff/Staff_Textures/Staff_Epic.mat
  artifactKey: Guid(cfb56399cccce3e4e8a4c320b5c68e20) Importer(2089858483,192608db42251d675da83286b1cce702)
Start importing Assets/Prefabs/Blink/Art/Weapons/LowPoly/FreeRPGWeapons/Staff/Staff_Textures/Staff_Epic.mat using Guid(cfb56399cccce3e4e8a4c320b5c68e20) Importer(2089858483,192608db42251d675da83286b1cce702) (ScriptedImporter) -> (artifact id: '900edf3f757831817218a83108379f99') in 0.0433183 seconds
Number of updated asset objects reloaded before import = 0Number of asset objects unloaded after import = 5

========================================================================
Received Import Request.
  Time since last request: 0.000027 seconds.
  path: Assets/Prefabs/Blink/Art/Weapons/LowPoly/FreeRPGWeapons/Bow/Bow_Textures/Bow_Basic_BaseColor.png
  artifactKey: Guid(ed6b97bb258cb554ca49c8d32d07025d) Importer(2089858483,192608db42251d675da83286b1cce702)
Start importing Assets/Prefabs/Blink/Art/Weapons/LowPoly/FreeRPGWeapons/Bow/Bow_Textures/Bow_Basic_BaseColor.png using Guid(ed6b97bb258cb554ca49c8d32d07025d) Importer(2089858483,192608db42251d675da83286b1cce702) (ScriptedImporter) -> (artifact id: '40dde00aa00659c1bc3a1f7a24542bab') in 0.0211514 seconds
Number of updated asset objects reloaded before import = 0Number of asset objects unloaded after import = 1

========================================================================
Received Import Request.
  Time since last request: 0.000134 seconds.
  path: Assets/Prefabs/Blink/Art/Weapons/LowPoly/FreeRPGWeapons/Wand/Wand_Textures/Wand_Epic_MetallicSmoothness.png
  artifactKey: Guid(20d49ea5590b069459931c27b1775977) Importer(2089858483,192608db42251d675da83286b1cce702)
Start importing Assets/Prefabs/Blink/Art/Weapons/LowPoly/FreeRPGWeapons/Wand/Wand_Textures/Wand_Epic_MetallicSmoothness.png using Guid(20d49ea5590b069459931c27b1775977) Importer(2089858483,192608db42251d675da83286b1cce702) (ScriptedImporter) -> (artifact id: '5a9430916dd0b41a7c6181509519396d') in 0.0288112 seconds
Number of updated asset objects reloaded before import = 0Number of asset objects unloaded after import = 1

========================================================================
Received Import Request.
  Time since last request: 0.000197 seconds.
  path: Assets/Prefabs/Blink/Art/Weapons/LowPoly/FreeRPGWeapons/Axes/Axe_1H_Textures/Axe1H_Medium_Normal.png
  artifactKey: Guid(6fe8ccaae765f144b815ed5356622dcb) Importer(2089858483,192608db42251d675da83286b1cce702)
Start importing Assets/Prefabs/Blink/Art/Weapons/LowPoly/FreeRPGWeapons/Axes/Axe_1H_Textures/Axe1H_Medium_Normal.png using Guid(6fe8ccaae765f144b815ed5356622dcb) Importer(2089858483,192608db42251d675da83286b1cce702) (ScriptedImporter) -> (artifact id: 'efcd2bfec4a3dc940a634ccfb4399114') in 0.0195881 seconds
Number of updated asset objects reloaded before import = 0Number of asset objects unloaded after import = 1

========================================================================
Received Import Request.
  Time since last request: 0.000068 seconds.
  path: Assets/Prefabs/Blink/Art/Animals/Stylized/Bear/Bear_Animations/Bear_Attack1.fbx
  artifactKey: Guid(4988406988758b843b0f0d89fd78ebfc) Importer(2089858483,192608db42251d675da83286b1cce702)
Start importing Assets/Prefabs/Blink/Art/Animals/Stylized/Bear/Bear_Animations/Bear_Attack1.fbx using Guid(4988406988758b843b0f0d89fd78ebfc) Importer(2089858483,192608db42251d675da83286b1cce702) (ScriptedImporter) -> (artifact id: '34852082ae5f73a6691ecc963060fd3d') in 0.0937911 seconds
Number of updated asset objects reloaded before import = 0Number of asset objects unloaded after import = 134

========================================================================
Received Import Request.
  Time since last request: 0.000026 seconds.
  path: Assets/Prefabs/Blink/Art/Weapons/LowPoly/FreeRPGWeapons/Staff/Staff_Textures/Staff_Epic_BaseColor.png
  artifactKey: Guid(a2a432064ac343f4e8c58601a01d728d) Importer(2089858483,192608db42251d675da83286b1cce702)
Start importing Assets/Prefabs/Blink/Art/Weapons/LowPoly/FreeRPGWeapons/Staff/Staff_Textures/Staff_Epic_BaseColor.png using Guid(a2a432064ac343f4e8c58601a01d728d) Importer(2089858483,192608db42251d675da83286b1cce702) (ScriptedImporter) -> (artifact id: 'ec5c1584041e6414f01d7905aabd3a77') in 0.0208533 seconds
Number of updated asset objects reloaded before import = 0Number of asset objects unloaded after import = 1

========================================================================
Received Import Request.
  Time since last request: 0.000047 seconds.
  path: Assets/Prefabs/Blink/Art/Weapons/LowPoly/FreeRPGWeapons/Wand/Wand_Textures/Wand_Epic_Normal.png
  artifactKey: Guid(5833b11dcd90d9c48a22280a23d2da6a) Importer(2089858483,192608db42251d675da83286b1cce702)
Start importing Assets/Prefabs/Blink/Art/Weapons/LowPoly/FreeRPGWeapons/Wand/Wand_Textures/Wand_Epic_Normal.png using Guid(5833b11dcd90d9c48a22280a23d2da6a) Importer(2089858483,192608db42251d675da83286b1cce702) (ScriptedImporter) -> (artifact id: 'af8a4d9d860999eb8030df7da675adbe') in 0.0309043 seconds
Number of updated asset objects reloaded before import = 0Number of asset objects unloaded after import = 1

========================================================================
Received Import Request.
  Time since last request: 0.000061 seconds.
  path: Assets/Prefabs/Blink/Art/Weapons/LowPoly/FreeRPGWeapons/Spears/Spear_2H_Textures/Spear2H_Basic_Normal.png
  artifactKey: Guid(23a8cd3ca49e3af4d9d9d0f132552f57) Importer(2089858483,192608db42251d675da83286b1cce702)
Start importing Assets/Prefabs/Blink/Art/Weapons/LowPoly/FreeRPGWeapons/Spears/Spear_2H_Textures/Spear2H_Basic_Normal.png using Guid(23a8cd3ca49e3af4d9d9d0f132552f57) Importer(2089858483,192608db42251d675da83286b1cce702) (ScriptedImporter) -> (artifact id: 'e93eb3c7a92dad3e6147341fb959639e') in 0.0238546 seconds
Number of updated asset objects reloaded before import = 0Number of asset objects unloaded after import = 1

========================================================================
Received Import Request.
  Time since last request: 0.000050 seconds.
  path: Assets/Prefabs/Blink/Art/Weapons/LowPoly/FreeRPGWeapons/Spears/Spear_1H_Textures/Spear1H_Epic2_BaseColor.png
  artifactKey: Guid(6ba04988f8e2abd40bec8f463595e006) Importer(2089858483,192608db42251d675da83286b1cce702)
Start importing Assets/Prefabs/Blink/Art/Weapons/LowPoly/FreeRPGWeapons/Spears/Spear_1H_Textures/Spear1H_Epic2_BaseColor.png using Guid(6ba04988f8e2abd40bec8f463595e006) Importer(2089858483,192608db42251d675da83286b1cce702) (ScriptedImporter) -> (artifact id: '0d5e6a8dee9dd1681bc90dfec71b5ef4') in 0.0258596 seconds
Number of updated asset objects reloaded before import = 0Number of asset objects unloaded after import = 1

========================================================================
Received Import Request.
  Time since last request: 0.000101 seconds.
  path: Assets/Prefabs/Blink/Art/Weapons/LowPoly/FreeRPGWeapons/Maces/Mace_2H_Textures/Mace2H_Epic_MetallicSmoothness.png
  artifactKey: Guid(597576a17b35ce54b9377022e0d774fa) Importer(2089858483,192608db42251d675da83286b1cce702)
Start importing Assets/Prefabs/Blink/Art/Weapons/LowPoly/FreeRPGWeapons/Maces/Mace_2H_Textures/Mace2H_Epic_MetallicSmoothness.png using Guid(597576a17b35ce54b9377022e0d774fa) Importer(2089858483,192608db42251d675da83286b1cce702) (ScriptedImporter) -> (artifact id: '3ad89760c6c9522ac4fed1f1bf4b3777') in 0.0242929 seconds
Number of updated asset objects reloaded before import = 0Number of asset objects unloaded after import = 1

========================================================================
Received Import Request.
  Time since last request: 0.000024 seconds.
  path: Assets/Prefabs/Blink/Art/Weapons/LowPoly/FreeRPGWeapons/Spears/Spear_1H_Textures/Spear1H_Epic2_MetallicSmoothness.png
  artifactKey: Guid(de7059300cc100f4498e7a6b26b8279a) Importer(2089858483,192608db42251d675da83286b1cce702)
Start importing Assets/Prefabs/Blink/Art/Weapons/LowPoly/FreeRPGWeapons/Spears/Spear_1H_Textures/Spear1H_Epic2_MetallicSmoothness.png using Guid(de7059300cc100f4498e7a6b26b8279a) Importer(2089858483,192608db42251d675da83286b1cce702) (ScriptedImporter) -> (artifact id: '967b0d2a6d2a09415ba8653bcb70d10e') in 0.022903 seconds
Number of updated asset objects reloaded before import = 0Number of asset objects unloaded after import = 1

========================================================================
Received Import Request.
  Time since last request: 0.000058 seconds.
  path: Assets/Prefabs/Blink/Art/Weapons/LowPoly/FreeRPGWeapons/Axes/Axe_2H_Textures/Axe2H_Basic.mat
  artifactKey: Guid(5269dca51d1b4db48ac467ad0386c9f4) Importer(2089858483,192608db42251d675da83286b1cce702)
Start importing Assets/Prefabs/Blink/Art/Weapons/LowPoly/FreeRPGWeapons/Axes/Axe_2H_Textures/Axe2H_Basic.mat using Guid(5269dca51d1b4db48ac467ad0386c9f4) Importer(2089858483,192608db42251d675da83286b1cce702) (ScriptedImporter) -> (artifact id: '2eabe00002f9f8ebc728d626f4160d71') in 0.0316841 seconds
Number of updated asset objects reloaded before import = 0Number of asset objects unloaded after import = 4

========================================================================
Received Import Request.
  Time since last request: 0.000059 seconds.
  path: Assets/Prefabs/Blink/Art/Weapons/LowPoly/FreeRPGWeapons/_PREFABS/Staff_Basic.prefab
  artifactKey: Guid(0d0ae09fa98635e4e8435fc1a1fc72c7) Importer(2089858483,192608db42251d675da83286b1cce702)
Start importing Assets/Prefabs/Blink/Art/Weapons/LowPoly/FreeRPGWeapons/_PREFABS/Staff_Basic.prefab using Guid(0d0ae09fa98635e4e8435fc1a1fc72c7) Importer(2089858483,192608db42251d675da83286b1cce702) (ScriptedImporter) -> (artifact id: '0ec8f7178890be21c6b4fde30b38a81d') in 0.0335574 seconds
Number of updated asset objects reloaded before import = 0Number of asset objects unloaded after import = 7

========================================================================
Received Import Request.
  Time since last request: 0.000032 seconds.
  path: Assets/Prefabs/Blink/Art/Weapons/LowPoly/FreeRPGWeapons/Spears/Spear_2H_Textures/Spear2H_Basic_MetallicSmoothness.png
  artifactKey: Guid(1076b8e7a23fad344bbdab0c948bbead) Importer(2089858483,192608db42251d675da83286b1cce702)
Start importing Assets/Prefabs/Blink/Art/Weapons/LowPoly/FreeRPGWeapons/Spears/Spear_2H_Textures/Spear2H_Basic_MetallicSmoothness.png using Guid(1076b8e7a23fad344bbdab0c948bbead) Importer(2089858483,192608db42251d675da83286b1cce702) (ScriptedImporter) -> (artifact id: '036cc5b2577b64288b93b2299a6418e6') in 0.0314047 seconds
Number of updated asset objects reloaded before import = 0Number of asset objects unloaded after import = 1

========================================================================
Received Import Request.
  Time since last request: 0.000090 seconds.
  path: Assets/Prefabs/Blink/Art/Weapons/LowPoly/FreeRPGWeapons/_PREFABS/Shield_Epic.prefab
  artifactKey: Guid(f1a69e37edef17743840974cfc82a6ce) Importer(2089858483,192608db42251d675da83286b1cce702)
Start importing Assets/Prefabs/Blink/Art/Weapons/LowPoly/FreeRPGWeapons/_PREFABS/Shield_Epic.prefab using Guid(f1a69e37edef17743840974cfc82a6ce) Importer(2089858483,192608db42251d675da83286b1cce702) (ScriptedImporter) -> (artifact id: '9ffb4d05e5f533610f2e3d4f60424c66') in 0.0209353 seconds
Number of updated asset objects reloaded before import = 0Number of asset objects unloaded after import = 7

========================================================================
Received Import Request.
  Time since last request: 0.000026 seconds.
  path: Assets/Prefabs/Blink/Art/Weapons/LowPoly/FreeRPGWeapons/_PREFABS/Spear1H_Medium.prefab
  artifactKey: Guid(1a8eaaa38b934ed4dbe357ed598e1318) Importer(2089858483,192608db42251d675da83286b1cce702)
Start importing Assets/Prefabs/Blink/Art/Weapons/LowPoly/FreeRPGWeapons/_PREFABS/Spear1H_Medium.prefab using Guid(1a8eaaa38b934ed4dbe357ed598e1318) Importer(2089858483,192608db42251d675da83286b1cce702) (ScriptedImporter) -> (artifact id: '475b827d276f610187b088456b944d47') in 0.0214979 seconds
Number of updated asset objects reloaded before import = 0Number of asset objects unloaded after import = 7

========================================================================
Received Import Request.
  Time since last request: 0.000030 seconds.
  path: Assets/Prefabs/Blink/Art/Weapons/LowPoly/FreeRPGWeapons/Axes/Axe_1H_Textures/Axe1H_Basic.mat
  artifactKey: Guid(8dc0e2b07e28ab44cbb8486fe8f9ec6a) Importer(2089858483,192608db42251d675da83286b1cce702)
Start importing Assets/Prefabs/Blink/Art/Weapons/LowPoly/FreeRPGWeapons/Axes/Axe_1H_Textures/Axe1H_Basic.mat using Guid(8dc0e2b07e28ab44cbb8486fe8f9ec6a) Importer(2089858483,192608db42251d675da83286b1cce702) (ScriptedImporter) -> (artifact id: 'f8905bbfb7836217365194a8728c8b05') in 0.0240499 seconds
Number of updated asset objects reloaded before import = 0Number of asset objects unloaded after import = 4

========================================================================
Received Import Request.
  Time since last request: 0.000021 seconds.
  path: Assets/Prefabs/Blink/Art/Weapons/LowPoly/FreeRPGWeapons/Axes/Axe2h.fbx
  artifactKey: Guid(775c96f25b29a464c96e04f3e961ff06) Importer(2089858483,192608db42251d675da83286b1cce702)
Start importing Assets/Prefabs/Blink/Art/Weapons/LowPoly/FreeRPGWeapons/Axes/Axe2h.fbx using Guid(775c96f25b29a464c96e04f3e961ff06) Importer(2089858483,192608db42251d675da83286b1cce702) (ScriptedImporter) -> (artifact id: '046f7574f965fd6a6c05ed15d43a0467') in 0.0339853 seconds
Number of updated asset objects reloaded before import = 0Number of asset objects unloaded after import = 8

========================================================================
Received Import Request.
  Time since last request: 0.000024 seconds.
  path: Assets/Prefabs/Blink/Art/Animals/Stylized/Bear/Bear_Textures/Stylized_Bear_Normal.png
  artifactKey: Guid(d28fabf885861fb48ae21d198e816aaf) Importer(2089858483,192608db42251d675da83286b1cce702)
Start importing Assets/Prefabs/Blink/Art/Animals/Stylized/Bear/Bear_Textures/Stylized_Bear_Normal.png using Guid(d28fabf885861fb48ae21d198e816aaf) Importer(2089858483,192608db42251d675da83286b1cce702) (ScriptedImporter) -> (artifact id: 'b998df57ec633a50581d0d56c30877f4') in 0.0234362 seconds
Number of updated asset objects reloaded before import = 0Number of asset objects unloaded after import = 1

========================================================================
Received Import Request.
  Time since last request: 0.000108 seconds.
  path: Assets/Prefabs/Blink/Art/Weapons/LowPoly/FreeRPGWeapons/Spears/Spear_2H_Textures/Spear2H_Basic_BaseColor.png
  artifactKey: Guid(4db753fcf46710f41bbf6135ce7a6ccf) Importer(2089858483,192608db42251d675da83286b1cce702)
Start importing Assets/Prefabs/Blink/Art/Weapons/LowPoly/FreeRPGWeapons/Spears/Spear_2H_Textures/Spear2H_Basic_BaseColor.png using Guid(4db753fcf46710f41bbf6135ce7a6ccf) Importer(2089858483,192608db42251d675da83286b1cce702) (ScriptedImporter) -> (artifact id: '7cd449c7a50f6164f7a1b17ec190a6cc') in 0.021042 seconds
Number of updated asset objects reloaded before import = 0Number of asset objects unloaded after import = 1

========================================================================
Received Import Request.
  Time since last request: 0.000027 seconds.
  path: Assets/Prefabs/Blink/Art/Weapons/LowPoly/FreeRPGWeapons/_PREFABS/Axe2H_Medium.prefab
  artifactKey: Guid(bda0e0a54afa7464ab2ce114082b55d6) Importer(2089858483,192608db42251d675da83286b1cce702)
Start importing Assets/Prefabs/Blink/Art/Weapons/LowPoly/FreeRPGWeapons/_PREFABS/Axe2H_Medium.prefab using Guid(bda0e0a54afa7464ab2ce114082b55d6) Importer(2089858483,192608db42251d675da83286b1cce702) (ScriptedImporter) -> (artifact id: '9e4b922b4192fc10f1824083c82d83bc') in 0.0200937 seconds
Number of updated asset objects reloaded before import = 0Number of asset objects unloaded after import = 7

========================================================================
Received Import Request.
  Time since last request: 0.000022 seconds.
  path: Assets/Prefabs/Blink/Art/Weapons/LowPoly/FreeRPGWeapons/_PREFABS/Wand_Basic.prefab
  artifactKey: Guid(8e26553eb7bc8f84e87ad5cbe258d7a2) Importer(2089858483,192608db42251d675da83286b1cce702)
Start importing Assets/Prefabs/Blink/Art/Weapons/LowPoly/FreeRPGWeapons/_PREFABS/Wand_Basic.prefab using Guid(8e26553eb7bc8f84e87ad5cbe258d7a2) Importer(2089858483,192608db42251d675da83286b1cce702) (ScriptedImporter) -> (artifact id: '92652a964ae1a660e28b05e31e6b3270') in 0.0282168 seconds
Number of updated asset objects reloaded before import = 0Number of asset objects unloaded after import = 7

========================================================================
Received Import Request.
  Time since last request: 0.000019 seconds.
  path: Assets/Prefabs/Blink/Art/Weapons/LowPoly/FreeRPGWeapons/Bow/Bow_Textures/Bow_Epic_Normal.png
  artifactKey: Guid(2797dbbcd367ef84aac3b736a8bca868) Importer(2089858483,192608db42251d675da83286b1cce702)
Start importing Assets/Prefabs/Blink/Art/Weapons/LowPoly/FreeRPGWeapons/Bow/Bow_Textures/Bow_Epic_Normal.png using Guid(2797dbbcd367ef84aac3b736a8bca868) Importer(2089858483,192608db42251d675da83286b1cce702) (ScriptedImporter) -> (artifact id: 'c64262e50c8d6a2a0cfa5dd9a8619d9a') in 0.0241053 seconds
Number of updated asset objects reloaded before import = 0Number of asset objects unloaded after import = 1

========================================================================
Received Import Request.
  Time since last request: 0.000047 seconds.
  path: Assets/Prefabs/Blink/Art/Weapons/LowPoly/FreeRPGWeapons/Maces/Mace_1H_Textures/Mace1H_Epic_Emission.png
  artifactKey: Guid(6b530ad8c11776f449111550f1a993da) Importer(2089858483,192608db42251d675da83286b1cce702)
Start importing Assets/Prefabs/Blink/Art/Weapons/LowPoly/FreeRPGWeapons/Maces/Mace_1H_Textures/Mace1H_Epic_Emission.png using Guid(6b530ad8c11776f449111550f1a993da) Importer(2089858483,192608db42251d675da83286b1cce702) (ScriptedImporter) -> (artifact id: '98743b8bd061deb67379528da215378b') in 0.0289965 seconds
Number of updated asset objects reloaded before import = 0Number of asset objects unloaded after import = 1

========================================================================
Received Import Request.
  Time since last request: 0.000025 seconds.
  path: Assets/Prefabs/Blink/Art/Weapons/LowPoly/FreeRPGWeapons/Maces/Mace_2H_Textures/Mace2H_Medium.mat
  artifactKey: Guid(2d405b770a77ad34da35319e1bddb961) Importer(2089858483,192608db42251d675da83286b1cce702)
Start importing Assets/Prefabs/Blink/Art/Weapons/LowPoly/FreeRPGWeapons/Maces/Mace_2H_Textures/Mace2H_Medium.mat using Guid(2d405b770a77ad34da35319e1bddb961) Importer(2089858483,192608db42251d675da83286b1cce702) (ScriptedImporter) -> (artifact id: '46a207b50bb10c9746e6474a9fc49bef') in 0.022613 seconds
Number of updated asset objects reloaded before import = 0Number of asset objects unloaded after import = 4

========================================================================
Received Import Request.
  Time since last request: 0.000041 seconds.
  path: Assets/Prefabs/Blink/Art/Weapons/LowPoly/FreeRPGWeapons/Maces/Mace_1H_Textures/Mace1H_Epic.mat
  artifactKey: Guid(3d36628d21a82f843824b6c44a970e05) Importer(2089858483,192608db42251d675da83286b1cce702)
Start importing Assets/Prefabs/Blink/Art/Weapons/LowPoly/FreeRPGWeapons/Maces/Mace_1H_Textures/Mace1H_Epic.mat using Guid(3d36628d21a82f843824b6c44a970e05) Importer(2089858483,192608db42251d675da83286b1cce702) (ScriptedImporter) -> (artifact id: 'df01851a51a39eaadc5e4a7e4b3db682') in 0.0301829 seconds
Number of updated asset objects reloaded before import = 0Number of asset objects unloaded after import = 5

========================================================================
Received Import Request.
  Time since last request: 0.000031 seconds.
  path: Assets/Prefabs/Blink/Art/Weapons/LowPoly/FreeRPGWeapons/Staff/Staff_Textures/Staff_Medium_MetallicSmoothness.png
  artifactKey: Guid(47ca44d8f98151b49a77e2b6e1052089) Importer(2089858483,192608db42251d675da83286b1cce702)
Start importing Assets/Prefabs/Blink/Art/Weapons/LowPoly/FreeRPGWeapons/Staff/Staff_Textures/Staff_Medium_MetallicSmoothness.png using Guid(47ca44d8f98151b49a77e2b6e1052089) Importer(2089858483,192608db42251d675da83286b1cce702) (ScriptedImporter) -> (artifact id: '648977ea894c1d08df74376238478bb0') in 0.0232657 seconds
Number of updated asset objects reloaded before import = 0Number of asset objects unloaded after import = 1

========================================================================
Received Import Request.
  Time since last request: 0.000020 seconds.
  path: Assets/Prefabs/Blink/Art/Weapons/LowPoly/FreeRPGWeapons/_PREFABS/Axe2H_Basic.prefab
  artifactKey: Guid(90785c74b47617741aa5d3792af17448) Importer(2089858483,192608db42251d675da83286b1cce702)
Start importing Assets/Prefabs/Blink/Art/Weapons/LowPoly/FreeRPGWeapons/_PREFABS/Axe2H_Basic.prefab using Guid(90785c74b47617741aa5d3792af17448) Importer(2089858483,192608db42251d675da83286b1cce702) (ScriptedImporter) -> (artifact id: 'dd0118f65b5a9f1224964546c31578bf') in 0.0229979 seconds
Number of updated asset objects reloaded before import = 0Number of asset objects unloaded after import = 7

========================================================================
Received Import Request.
  Time since last request: 0.000020 seconds.
  path: Assets/Prefabs/Blink/Art/Weapons/LowPoly/FreeRPGWeapons/Axes/Axe_2H_Textures/Axe2H_Basic_Normal.png
  artifactKey: Guid(412742c5ac4ae6a46a5381e62e5bb52b) Importer(2089858483,192608db42251d675da83286b1cce702)
Start importing Assets/Prefabs/Blink/Art/Weapons/LowPoly/FreeRPGWeapons/Axes/Axe_2H_Textures/Axe2H_Basic_Normal.png using Guid(412742c5ac4ae6a46a5381e62e5bb52b) Importer(2089858483,192608db42251d675da83286b1cce702) (ScriptedImporter) -> (artifact id: 'a65e04d8490d06977abef06ce43d3916') in 0.0218901 seconds
Number of updated asset objects reloaded before import = 0Number of asset objects unloaded after import = 1

========================================================================
Received Import Request.
  Time since last request: 0.000076 seconds.
  path: Assets/Prefabs/Blink/Art/Weapons/LowPoly/FreeRPGWeapons/Staff/Staff_Textures/Staff_Epic_Emission2.png
  artifactKey: Guid(7fd9830b7867c2649925fe604661fed1) Importer(2089858483,192608db42251d675da83286b1cce702)
Start importing Assets/Prefabs/Blink/Art/Weapons/LowPoly/FreeRPGWeapons/Staff/Staff_Textures/Staff_Epic_Emission2.png using Guid(7fd9830b7867c2649925fe604661fed1) Importer(2089858483,192608db42251d675da83286b1cce702) (ScriptedImporter) -> (artifact id: 'a1eb26936dfcace2af8865266a2a9de4') in 0.0216718 seconds
Number of updated asset objects reloaded before import = 0Number of asset objects unloaded after import = 1

========================================================================
Received Import Request.
  Time since last request: 0.000066 seconds.
  path: Assets/Prefabs/Blink/Art/Weapons/LowPoly/FreeRPGWeapons/Spears/Spear_1H_Textures/Spear1H_Medium_BaseColor.png
  artifactKey: Guid(87d1b1e6cc58d5746ad776811a7cdc5e) Importer(2089858483,192608db42251d675da83286b1cce702)
Start importing Assets/Prefabs/Blink/Art/Weapons/LowPoly/FreeRPGWeapons/Spears/Spear_1H_Textures/Spear1H_Medium_BaseColor.png using Guid(87d1b1e6cc58d5746ad776811a7cdc5e) Importer(2089858483,192608db42251d675da83286b1cce702) (ScriptedImporter) -> (artifact id: 'dfeccb8303d9922c8624c122e91b262a') in 0.0209156 seconds
Number of updated asset objects reloaded before import = 0Number of asset objects unloaded after import = 1

========================================================================
Received Import Request.
  Time since last request: 0.000061 seconds.
  path: Assets/Prefabs/Blink/Art/Weapons/LowPoly/FreeRPGWeapons/Spears/Spear_1H_Textures/Spear1H_Epic_Emission.png
  artifactKey: Guid(6b25fad4d8b1029418dfcb055a604162) Importer(2089858483,192608db42251d675da83286b1cce702)
Start importing Assets/Prefabs/Blink/Art/Weapons/LowPoly/FreeRPGWeapons/Spears/Spear_1H_Textures/Spear1H_Epic_Emission.png using Guid(6b25fad4d8b1029418dfcb055a604162) Importer(2089858483,192608db42251d675da83286b1cce702) (ScriptedImporter) -> (artifact id: '3d2a70ceb82659beacad0231d33b9bee') in 0.019913 seconds
Number of updated asset objects reloaded before import = 0Number of asset objects unloaded after import = 1

========================================================================
Received Import Request.
  Time since last request: 0.000068 seconds.
  path: Assets/Prefabs/Blink/Art/Weapons/LowPoly/FreeRPGWeapons/Maces/Mace_1H_Textures/Mace1H_Medium.mat
  artifactKey: Guid(a779ab1ee19f8a247ab3f7aa5dec9763) Importer(2089858483,192608db42251d675da83286b1cce702)
Start importing Assets/Prefabs/Blink/Art/Weapons/LowPoly/FreeRPGWeapons/Maces/Mace_1H_Textures/Mace1H_Medium.mat using Guid(a779ab1ee19f8a247ab3f7aa5dec9763) Importer(2089858483,192608db42251d675da83286b1cce702) (ScriptedImporter) -> (artifact id: '5e8e1f3cefa2bd305311562b1725ea74') in 0.0236443 seconds
Number of updated asset objects reloaded before import = 0Number of asset objects unloaded after import = 4

========================================================================
Received Import Request.
  Time since last request: 0.000022 seconds.
  path: Assets/Prefabs/Blink/Art/Weapons/LowPoly/FreeRPGWeapons/Axes/Axe_1H_Textures/Axe1H_Epic_BaseColor.png
  artifactKey: Guid(67dbf5197d4d6fd45b4831dcfe43c52d) Importer(2089858483,192608db42251d675da83286b1cce702)
Start importing Assets/Prefabs/Blink/Art/Weapons/LowPoly/FreeRPGWeapons/Axes/Axe_1H_Textures/Axe1H_Epic_BaseColor.png using Guid(67dbf5197d4d6fd45b4831dcfe43c52d) Importer(2089858483,192608db42251d675da83286b1cce702) (ScriptedImporter) -> (artifact id: '2c5c47c295f73f296997180484235dec') in 0.0245285 seconds
Number of updated asset objects reloaded before import = 0Number of asset objects unloaded after import = 1

========================================================================
Received Import Request.
  Time since last request: 0.000034 seconds.
  path: Assets/Prefabs/Blink/Art/Weapons/LowPoly/FreeRPGWeapons/_PREFABS/Spear2H_Basic.prefab
  artifactKey: Guid(9cce733bd367fb54a909bcfcc3841d53) Importer(2089858483,192608db42251d675da83286b1cce702)
Start importing Assets/Prefabs/Blink/Art/Weapons/LowPoly/FreeRPGWeapons/_PREFABS/Spear2H_Basic.prefab using Guid(9cce733bd367fb54a909bcfcc3841d53) Importer(2089858483,192608db42251d675da83286b1cce702) (ScriptedImporter) -> (artifact id: 'c84b535463e0192410341513328bb5d9') in 0.0234688 seconds
Number of updated asset objects reloaded before import = 0Number of asset objects unloaded after import = 7

========================================================================
Received Import Request.
  Time since last request: 0.000023 seconds.
  path: Assets/Prefabs/Blink/Art/Weapons/LowPoly/FreeRPGWeapons/Wand/Wand_Textures/Wand_Medium.mat
  artifactKey: Guid(01adec13b5bee0a4fa62209d4664b7eb) Importer(2089858483,192608db42251d675da83286b1cce702)
Start importing Assets/Prefabs/Blink/Art/Weapons/LowPoly/FreeRPGWeapons/Wand/Wand_Textures/Wand_Medium.mat using Guid(01adec13b5bee0a4fa62209d4664b7eb) Importer(2089858483,192608db42251d675da83286b1cce702) (ScriptedImporter) -> (artifact id: '12cd148e3cf71300ead075b6ee643853') in 0.0285305 seconds
Number of updated asset objects reloaded before import = 0Number of asset objects unloaded after import = 4

========================================================================
Received Import Request.
  Time since last request: 0.000025 seconds.
  path: Assets/Prefabs/Blink/Art/Weapons/LowPoly/FreeRPGWeapons/Maces/Mace_2H_Textures/Mace2H_Epic_Normal.png
  artifactKey: Guid(6ff3d4d136d2ceb42b7dfa3fce4bf9a8) Importer(2089858483,192608db42251d675da83286b1cce702)
Start importing Assets/Prefabs/Blink/Art/Weapons/LowPoly/FreeRPGWeapons/Maces/Mace_2H_Textures/Mace2H_Epic_Normal.png using Guid(6ff3d4d136d2ceb42b7dfa3fce4bf9a8) Importer(2089858483,192608db42251d675da83286b1cce702) (ScriptedImporter) -> (artifact id: '8bf9b8cf1e17e624976c4cbb33289828') in 0.0225153 seconds
Number of updated asset objects reloaded before import = 0Number of asset objects unloaded after import = 1

========================================================================
Received Import Request.
  Time since last request: 1256.793735 seconds.
  path: Assets/Player/Animations/JumpAll.anim
  artifactKey: Guid(e3fe91bc9e090ed4994879c2ccd28899) Importer(2089858483,192608db42251d675da83286b1cce702)
Start importing Assets/Player/Animations/JumpAll.anim using Guid(e3fe91bc9e090ed4994879c2ccd28899) Importer(2089858483,192608db42251d675da83286b1cce702) (ScriptedImporter) -> (artifact id: '1720dc39f13c0a5c9cb3970958069440') in 0.035217 seconds
Number of updated asset objects reloaded before import = 0Number of asset objects unloaded after import = 1

========================================================================
Received Import Request.
  Time since last request: 0.000024 seconds.
  path: Assets/Scenes/SampleScene.unity
  artifactKey: Guid(9fc0d4010bbf28b4594072e72b8655ab) Importer(2089858483,192608db42251d675da83286b1cce702)
Start importing Assets/Scenes/SampleScene.unity using Guid(9fc0d4010bbf28b4594072e72b8655ab) Importer(2089858483,192608db42251d675da83286b1cce702) (ScriptedImporter) -> (artifact id: '8994bf3c7cc364cab6b732380086eb6f') in 0.1559699 seconds
Number of updated asset objects reloaded before import = 0Number of asset objects unloaded after import = 1

